1    [XML-RPC-0] ERROR org.apache.xmlrpc.server.XmlRpcErrorLogger - Failed to invoke method execute in class com.nantic.jasperreports.JasperServer: org.codehaus.groovy.runtime.GroovyCategorySupport.getCategoryNameUsage(Ljava/lang/String;)Ljava/util/concurrent/atomic/AtomicInteger;
org.apache.xmlrpc.common.XmlRpcInvocationException: Failed to invoke method execute in class com.nantic.jasperreports.JasperServer: org.codehaus.groovy.runtime.GroovyCategorySupport.getCategoryNameUsage(Ljava/lang/String;)Ljava/util/concurrent/atomic/AtomicInteger;
	at org.apache.xmlrpc.server.ReflectiveXmlRpcHandler.invoke(ReflectiveXmlRpcHandler.java:129)
	at org.apache.xmlrpc.server.ReflectiveXmlRpcHandler.execute(ReflectiveXmlRpcHandler.java:106)
	at org.apache.xmlrpc.server.XmlRpcServerWorker.execute(XmlRpcServerWorker.java:46)
	at org.apache.xmlrpc.server.XmlRpcServer.execute(XmlRpcServer.java:86)
	at org.apache.xmlrpc.server.XmlRpcStreamServer.execute(XmlRpcStreamServer.java:200)
	at org.apache.xmlrpc.webserver.Connection.run(Connection.java:208)
	at org.apache.xmlrpc.util.ThreadPool$Poolable$1.run(ThreadPool.java:68)
Caused by: java.lang.NoSuchMethodError: org.codehaus.groovy.runtime.GroovyCategorySupport.getCategoryNameUsage(Ljava/lang/String;)Ljava/util/concurrent/atomic/AtomicInteger;
	at org.codehaus.groovy.runtime.callsite.AbstractCallSite.<init>(AbstractCallSite.java:46)
	at org.codehaus.groovy.runtime.callsite.CallSiteArray.<init>(CallSiteArray.java:35)
	at Fattura_1300993042116_575283.$createCallSiteArray(calculator_Fattura_1300993042116_575283)
	at Fattura_1300993042116_575283.$getCallSiteArray(calculator_Fattura_1300993042116_575283)
	at Fattura_1300993042116_575283.<init>(calculator_Fattura_1300993042116_575283)
	at sun.reflect.NativeConstructorAccessorImpl.newInstance0(Native Method)
	at sun.reflect.NativeConstructorAccessorImpl.newInstance(NativeConstructorAccessorImpl.java:57)
	at sun.reflect.DelegatingConstructorAccessorImpl.newInstance(DelegatingConstructorAccessorImpl.java:45)
	at java.lang.reflect.Constructor.newInstance(Constructor.java:532)
	at java.lang.Class.newInstance0(Class.java:372)
	at java.lang.Class.newInstance(Class.java:325)
	at net.sf.jasperreports.engine.design.JRAbstractJavaCompiler.loadEvaluator(JRAbstractJavaCompiler.java:98)
	at net.sf.jasperreports.engine.design.JRAbstractCompiler.loadEvaluator(JRAbstractCompiler.java:320)
	at net.sf.jasperreports.engine.JasperCompileManager.loadEvaluator(JasperCompileManager.java:240)
	at net.sf.jasperreports.engine.fill.JRFillDataset.createCalculator(JRFillDataset.java:421)
	at net.sf.jasperreports.engine.fill.JRBaseFiller.<init>(JRBaseFiller.java:428)
	at net.sf.jasperreports.engine.fill.JRVerticalFiller.<init>(JRVerticalFiller.java:76)
	at net.sf.jasperreports.engine.fill.JRVerticalFiller.<init>(JRVerticalFiller.java:86)
	at net.sf.jasperreports.engine.fill.JRVerticalFiller.<init>(JRVerticalFiller.java:56)
	at net.sf.jasperreports.engine.fill.JRFiller.createFiller(JRFiller.java:142)
	at net.sf.jasperreports.engine.fill.JRFiller.fillReport(JRFiller.java:52)
	at net.sf.jasperreports.engine.JasperFillManager.fillReport(JasperFillManager.java:417)
	at com.nantic.jasperreports.JasperServer.privateExecute(JasperServer.java:323)
	at com.nantic.jasperreports.JasperServer.execute(JasperServer.java:225)
	at sun.reflect.NativeMethodAccessorImpl.invoke0(Native Method)
	at sun.reflect.NativeMethodAccessorImpl.invoke(NativeMethodAccessorImpl.java:57)
	at sun.reflect.DelegatingMethodAccessorImpl.invoke(DelegatingMethodAccessorImpl.java:43)
	at java.lang.reflect.Method.invoke(Method.java:616)
	at org.apache.xmlrpc.server.ReflectiveXmlRpcHandler.invoke(ReflectiveXmlRpcHandler.java:115)
	... 6 more
Caused by:
java.lang.NoSuchMethodError: org.codehaus.groovy.runtime.GroovyCategorySupport.getCategoryNameUsage(Ljava/lang/String;)Ljava/util/concurrent/atomic/AtomicInteger;
	at org.codehaus.groovy.runtime.callsite.AbstractCallSite.<init>(AbstractCallSite.java:46)
	at org.codehaus.groovy.runtime.callsite.CallSiteArray.<init>(CallSiteArray.java:35)
	at Fattura_1300993042116_575283.$createCallSiteArray(calculator_Fattura_1300993042116_575283)
	at Fattura_1300993042116_575283.$getCallSiteArray(calculator_Fattura_1300993042116_575283)
	at Fattura_1300993042116_575283.<init>(calculator_Fattura_1300993042116_575283)
	at sun.reflect.NativeConstructorAccessorImpl.newInstance0(Native Method)
	at sun.reflect.NativeConstructorAccessorImpl.newInstance(NativeConstructorAccessorImpl.java:57)
	at sun.reflect.DelegatingConstructorAccessorImpl.newInstance(DelegatingConstructorAccessorImpl.java:45)
	at java.lang.reflect.Constructor.newInstance(Constructor.java:532)
	at java.lang.Class.newInstance0(Class.java:372)
	at java.lang.Class.newInstance(Class.java:325)
	at net.sf.jasperreports.engine.design.JRAbstractJavaCompiler.loadEvaluator(JRAbstractJavaCompiler.java:98)
	at net.sf.jasperreports.engine.design.JRAbstractCompiler.loadEvaluator(JRAbstractCompiler.java:320)
	at net.sf.jasperreports.engine.JasperCompileManager.loadEvaluator(JasperCompileManager.java:240)
	at net.sf.jasperreports.engine.fill.JRFillDataset.createCalculator(JRFillDataset.java:421)
	at net.sf.jasperreports.engine.fill.JRBaseFiller.<init>(JRBaseFiller.java:428)
	at net.sf.jasperreports.engine.fill.JRVerticalFiller.<init>(JRVerticalFiller.java:76)
	at net.sf.jasperreports.engine.fill.JRVerticalFiller.<init>(JRVerticalFiller.java:86)
	at net.sf.jasperreports.engine.fill.JRVerticalFiller.<init>(JRVerticalFiller.java:56)
	at net.sf.jasperreports.engine.fill.JRFiller.createFiller(JRFiller.java:142)
	at net.sf.jasperreports.engine.fill.JRFiller.fillReport(JRFiller.java:52)
	at net.sf.jasperreports.engine.JasperFillManager.fillReport(JasperFillManager.java:417)
	at com.nantic.jasperreports.JasperServer.privateExecute(JasperServer.java:323)
	at com.nantic.jasperreports.JasperServer.execute(JasperServer.java:225)
	at sun.reflect.NativeMethodAccessorImpl.invoke0(Native Method)
	at sun.reflect.NativeMethodAccessorImpl.invoke(NativeMethodAccessorImpl.java:57)
	at sun.reflect.DelegatingMethodAccessorImpl.invoke(DelegatingMethodAccessorImpl.java:43)
	at java.lang.reflect.Method.invoke(Method.java:616)
	at org.apache.xmlrpc.server.ReflectiveXmlRpcHandler.invoke(ReflectiveXmlRpcHandler.java:115)
	at org.apache.xmlrpc.server.ReflectiveXmlRpcHandler.execute(ReflectiveXmlRpcHandler.java:106)
	at org.apache.xmlrpc.server.XmlRpcServerWorker.execute(XmlRpcServerWorker.java:46)
	at org.apache.xmlrpc.server.XmlRpcServer.execute(XmlRpcServer.java:86)
	at org.apache.xmlrpc.server.XmlRpcStreamServer.execute(XmlRpcStreamServer.java:200)
	at org.apache.xmlrpc.webserver.Connection.run(Connection.java:208)
	at org.apache.xmlrpc.util.ThreadPool$Poolable$1.run(ThreadPool.java:68)
39221 [XML-RPC-0] ERROR org.apache.xmlrpc.server.XmlRpcErrorLogger - Failed to invoke method execute in class com.nantic.jasperreports.JasperServer: org.codehaus.groovy.runtime.GroovyCategorySupport.getCategoryNameUsage(Ljava/lang/String;)Ljava/util/concurrent/atomic/AtomicInteger;
org.apache.xmlrpc.common.XmlRpcInvocationException: Failed to invoke method execute in class com.nantic.jasperreports.JasperServer: org.codehaus.groovy.runtime.GroovyCategorySupport.getCategoryNameUsage(Ljava/lang/String;)Ljava/util/concurrent/atomic/AtomicInteger;
	at org.apache.xmlrpc.server.ReflectiveXmlRpcHandler.invoke(ReflectiveXmlRpcHandler.java:129)
	at org.apache.xmlrpc.server.ReflectiveXmlRpcHandler.execute(ReflectiveXmlRpcHandler.java:106)
	at org.apache.xmlrpc.server.XmlRpcServerWorker.execute(XmlRpcServerWorker.java:46)
	at org.apache.xmlrpc.server.XmlRpcServer.execute(XmlRpcServer.java:86)
	at org.apache.xmlrpc.server.XmlRpcStreamServer.execute(XmlRpcStreamServer.java:200)
	at org.apache.xmlrpc.webserver.Connection.run(Connection.java:208)
	at org.apache.xmlrpc.util.ThreadPool$Poolable$1.run(ThreadPool.java:68)
Caused by: java.lang.NoSuchMethodError: org.codehaus.groovy.runtime.GroovyCategorySupport.getCategoryNameUsage(Ljava/lang/String;)Ljava/util/concurrent/atomic/AtomicInteger;
	at org.codehaus.groovy.runtime.callsite.AbstractCallSite.<init>(AbstractCallSite.java:46)
	at org.codehaus.groovy.runtime.callsite.CallSiteArray.<init>(CallSiteArray.java:35)
	at Fattura_1300993042116_575283.$createCallSiteArray(calculator_Fattura_1300993042116_575283)
	at Fattura_1300993042116_575283.$getCallSiteArray(calculator_Fattura_1300993042116_575283)
	at Fattura_1300993042116_575283.<init>(calculator_Fattura_1300993042116_575283)
	at sun.reflect.NativeConstructorAccessorImpl.newInstance0(Native Method)
	at sun.reflect.NativeConstructorAccessorImpl.newInstance(NativeConstructorAccessorImpl.java:57)
	at sun.reflect.DelegatingConstructorAccessorImpl.newInstance(DelegatingConstructorAccessorImpl.java:45)
	at java.lang.reflect.Constructor.newInstance(Constructor.java:532)
	at java.lang.Class.newInstance0(Class.java:372)
	at java.lang.Class.newInstance(Class.java:325)
	at net.sf.jasperreports.engine.design.JRAbstractJavaCompiler.loadEvaluator(JRAbstractJavaCompiler.java:98)
	at net.sf.jasperreports.engine.design.JRAbstractCompiler.loadEvaluator(JRAbstractCompiler.java:320)
	at net.sf.jasperreports.engine.JasperCompileManager.loadEvaluator(JasperCompileManager.java:240)
	at net.sf.jasperreports.engine.fill.JRFillDataset.createCalculator(JRFillDataset.java:421)
	at net.sf.jasperreports.engine.fill.JRBaseFiller.<init>(JRBaseFiller.java:428)
	at net.sf.jasperreports.engine.fill.JRVerticalFiller.<init>(JRVerticalFiller.java:76)
	at net.sf.jasperreports.engine.fill.JRVerticalFiller.<init>(JRVerticalFiller.java:86)
	at net.sf.jasperreports.engine.fill.JRVerticalFiller.<init>(JRVerticalFiller.java:56)
	at net.sf.jasperreports.engine.fill.JRFiller.createFiller(JRFiller.java:142)
	at net.sf.jasperreports.engine.fill.JRFiller.fillReport(JRFiller.java:52)
	at net.sf.jasperreports.engine.JasperFillManager.fillReport(JasperFillManager.java:417)
	at com.nantic.jasperreports.JasperServer.privateExecute(JasperServer.java:323)
	at com.nantic.jasperreports.JasperServer.execute(JasperServer.java:225)
	at sun.reflect.NativeMethodAccessorImpl.invoke0(Native Method)
	at sun.reflect.NativeMethodAccessorImpl.invoke(NativeMethodAccessorImpl.java:57)
	at sun.reflect.DelegatingMethodAccessorImpl.invoke(DelegatingMethodAccessorImpl.java:43)
	at java.lang.reflect.Method.invoke(Method.java:616)
	at org.apache.xmlrpc.server.ReflectiveXmlRpcHandler.invoke(ReflectiveXmlRpcHandler.java:115)
	... 6 more
Caused by:
java.lang.NoSuchMethodError: org.codehaus.groovy.runtime.GroovyCategorySupport.getCategoryNameUsage(Ljava/lang/String;)Ljava/util/concurrent/atomic/AtomicInteger;
	at org.codehaus.groovy.runtime.callsite.AbstractCallSite.<init>(AbstractCallSite.java:46)
	at org.codehaus.groovy.runtime.callsite.CallSiteArray.<init>(CallSiteArray.java:35)
	at Fattura_1300993042116_575283.$createCallSiteArray(calculator_Fattura_1300993042116_575283)
	at Fattura_1300993042116_575283.$getCallSiteArray(calculator_Fattura_1300993042116_575283)
	at Fattura_1300993042116_575283.<init>(calculator_Fattura_1300993042116_575283)
	at sun.reflect.NativeConstructorAccessorImpl.newInstance0(Native Method)
	at sun.reflect.NativeConstructorAccessorImpl.newInstance(NativeConstructorAccessorImpl.java:57)
	at sun.reflect.DelegatingConstructorAccessorImpl.newInstance(DelegatingConstructorAccessorImpl.java:45)
	at java.lang.reflect.Constructor.newInstance(Constructor.java:532)
	at java.lang.Class.newInstance0(Class.java:372)
	at java.lang.Class.newInstance(Class.java:325)
	at net.sf.jasperreports.engine.design.JRAbstractJavaCompiler.loadEvaluator(JRAbstractJavaCompiler.java:98)
	at net.sf.jasperreports.engine.design.JRAbstractCompiler.loadEvaluator(JRAbstractCompiler.java:320)
	at net.sf.jasperreports.engine.JasperCompileManager.loadEvaluator(JasperCompileManager.java:240)
	at net.sf.jasperreports.engine.fill.JRFillDataset.createCalculator(JRFillDataset.java:421)
	at net.sf.jasperreports.engine.fill.JRBaseFiller.<init>(JRBaseFiller.java:428)
	at net.sf.jasperreports.engine.fill.JRVerticalFiller.<init>(JRVerticalFiller.java:76)
	at net.sf.jasperreports.engine.fill.JRVerticalFiller.<init>(JRVerticalFiller.java:86)
	at net.sf.jasperreports.engine.fill.JRVerticalFiller.<init>(JRVerticalFiller.java:56)
	at net.sf.jasperreports.engine.fill.JRFiller.createFiller(JRFiller.java:142)
	at net.sf.jasperreports.engine.fill.JRFiller.fillReport(JRFiller.java:52)
	at net.sf.jasperreports.engine.JasperFillManager.fillReport(JasperFillManager.java:417)
	at com.nantic.jasperreports.JasperServer.privateExecute(JasperServer.java:323)
	at com.nantic.jasperreports.JasperServer.execute(JasperServer.java:225)
	at sun.reflect.NativeMethodAccessorImpl.invoke0(Native Method)
	at sun.reflect.NativeMethodAccessorImpl.invoke(NativeMethodAccessorImpl.java:57)
	at sun.reflect.DelegatingMethodAccessorImpl.invoke(DelegatingMethodAccessorImpl.java:43)
	at java.lang.reflect.Method.invoke(Method.java:616)
	at org.apache.xmlrpc.server.ReflectiveXmlRpcHandler.invoke(ReflectiveXmlRpcHandler.java:115)
	at org.apache.xmlrpc.server.ReflectiveXmlRpcHandler.execute(ReflectiveXmlRpcHandler.java:106)
	at org.apache.xmlrpc.server.XmlRpcServerWorker.execute(XmlRpcServerWorker.java:46)
	at org.apache.xmlrpc.server.XmlRpcServer.execute(XmlRpcServer.java:86)
	at org.apache.xmlrpc.server.XmlRpcStreamServer.execute(XmlRpcStreamServer.java:200)
	at org.apache.xmlrpc.webserver.Connection.run(Connection.java:208)
	at org.apache.xmlrpc.util.ThreadPool$Poolable$1.run(ThreadPool.java:68)
